Copyright 1986-2022 Xilinx, Inc. All Rights Reserved. Copyright 2022-2024 Advanced Micro Devices, Inc. All Rights Reserved.
---------------------------------------------------------------------------------------------------------------------------------------------
| Tool Version : Vivado v.2024.1.2 (win64) Build 5164865 Thu Sep  5 14:37:11 MDT 2024
| Date         : Sat Nov  8 19:55:09 2025
| Host         : EggRoll running 64-bit major release  (build 9200)
| Command      : report_clock_utilization -file riscv_core_clock_utilization_routed.rpt
| Design       : riscv_core
| Device       : 7a100t-fgg484
| Speed File   : -2  PRODUCTION 1.23 2018-06-13
| Design State : Routed
---------------------------------------------------------------------------------------------------------------------------------------------

Clock Utilization Report

Table of Contents
-----------------
1. Clock Primitive Utilization
2. Global Clock Resources
3. Global Clock Source Details
4. Local Clock Details
5. Clock Regions: Key Resource Utilization
6. Clock Regions : Global Clock Summary
7. Device Cell Placement Summary for Global Clock g0
8. Device Cell Placement Summary for Global Clock g1
9. Device Cell Placement Summary for Global Clock g2
10. Device Cell Placement Summary for Global Clock g3
11. Device Cell Placement Summary for Global Clock g4
12. Device Cell Placement Summary for Global Clock g5
13. Device Cell Placement Summary for Global Clock g6
14. Device Cell Placement Summary for Global Clock g7
15. Device Cell Placement Summary for Global Clock g8
16. Device Cell Placement Summary for Global Clock g9
17. Device Cell Placement Summary for Global Clock g10
18. Device Cell Placement Summary for Global Clock g11
19. Device Cell Placement Summary for Global Clock g12
20. Device Cell Placement Summary for Global Clock g13
21. Clock Region Cell Placement per Global Clock: Region X0Y0
22. Clock Region Cell Placement per Global Clock: Region X1Y0
23. Clock Region Cell Placement per Global Clock: Region X0Y1
24. Clock Region Cell Placement per Global Clock: Region X1Y1
25. Clock Region Cell Placement per Global Clock: Region X0Y2
26. Clock Region Cell Placement per Global Clock: Region X1Y2

1. Clock Primitive Utilization
------------------------------

+----------+------+-----------+-----+--------------+--------+
| Type     | Used | Available | LOC | Clock Region | Pblock |
+----------+------+-----------+-----+--------------+--------+
| BUFGCTRL |   14 |        32 |   0 |            0 |      0 |
| BUFH     |    0 |        96 |   0 |            0 |      0 |
| BUFIO    |    0 |        24 |   0 |            0 |      0 |
| BUFMR    |    0 |        12 |   0 |            0 |      0 |
| BUFR     |    0 |        24 |   0 |            0 |      0 |
| MMCM     |    0 |         6 |   0 |            0 |      0 |
| PLL      |    1 |         6 |   0 |            0 |      0 |
+----------+------+-----------+-----+--------------+--------+


2. Global Clock Resources
-------------------------

+-----------+-----------+-----------------+------------+----------------+--------------+-------------------+-------------+-----------------+--------------+----------------------+----------------------------------+-------------------------------------------+
| Global Id | Source Id | Driver Type/Pin | Constraint | Site           | Clock Region | Load Clock Region | Clock Loads | Non-Clock Loads | Clock Period | Clock                | Driver Pin                       | Net                                       |
+-----------+-----------+-----------------+------------+----------------+--------------+-------------------+-------------+-----------------+--------------+----------------------+----------------------------------+-------------------------------------------+
| g0        | src0      | BUFG/O          | None       | BUFGCTRL_X0Y0  | n/a          |                 6 |        4771 |               0 |       20.000 | clk_out1_clk_wiz_0_1 | instance_name/inst/clkout1_buf/O | instance_name/inst/clk_out1               |
| g1        | src1      | BUFG/O          | None       | BUFGCTRL_X0Y1  | n/a          |                 2 |        1045 |               0 |              |                      | spmm_indices_reg[319]_i_1/O      | spmm_data0                                |
| g2        | src2      | BUFG/O          | None       | BUFGCTRL_X0Y2  | n/a          |                 3 |         128 |               0 |              |                      | n_0_8909_BUFG_inst/O             | n_0_8909_BUFG                             |
| g3        | src3      | BUFG/O          | None       | BUFGCTRL_X0Y3  | n/a          |                 4 |         128 |               0 |              |                      | n_1_8910_BUFG_inst/O             | n_1_8910_BUFG                             |
| g4        | src4      | BUFG/O          | None       | BUFGCTRL_X0Y4  | n/a          |                 2 |         128 |               0 |              |                      | n_2_8911_BUFG_inst/O             | n_2_8911_BUFG                             |
| g5        | src5      | BUFG/O          | None       | BUFGCTRL_X0Y5  | n/a          |                 3 |         128 |               0 |              |                      | n_3_8912_BUFG_inst/O             | n_3_8912_BUFG                             |
| g6        | src6      | BUFG/O          | None       | BUFGCTRL_X0Y6  | n/a          |                 4 |         128 |               0 |              |                      | n_4_8913_BUFG_inst/O             | n_4_8913_BUFG                             |
| g7        | src7      | BUFG/O          | None       | BUFGCTRL_X0Y7  | n/a          |                 4 |         128 |               0 |              |                      | n_5_8914_BUFG_inst/O             | n_5_8914_BUFG                             |
| g8        | src8      | BUFG/O          | None       | BUFGCTRL_X0Y8  | n/a          |                 2 |         128 |               0 |              |                      | n_6_8915_BUFG_inst/O             | n_6_8915_BUFG                             |
| g9        | src9      | BUFG/O          | None       | BUFGCTRL_X0Y9  | n/a          |                 4 |         128 |               0 |              |                      | n_7_8916_BUFG_inst/O             | n_7_8916_BUFG                             |
| g10       | src10     | BUFG/O          | None       | BUFGCTRL_X0Y10 | n/a          |                 4 |         128 |               0 |              |                      | n_8_8917_BUFG_inst/O             | n_8_8917_BUFG                             |
| g11       | src11     | BUFG/O          | None       | BUFGCTRL_X0Y11 | n/a          |                 4 |         128 |               0 |              |                      | vs1_data_reg[15][7]_i_2/O        | vs1_data                                  |
| g12       | src12     | BUFG/O          | None       | BUFGCTRL_X0Y12 | n/a          |                 2 |          29 |               1 |              |                      | nib_hold_req_i_IBUF_BUFG_inst/O  | nib_hold_req_i_IBUF_BUFG                  |
| g13       | src13     | BUFG/O          | None       | BUFGCTRL_X0Y13 | n/a          |                 1 |           1 |               0 |       20.000 | clkfbout_clk_wiz_0_1 | instance_name/inst/clkf_buf/O    | instance_name/inst/clkfbout_buf_clk_wiz_0 |
+-----------+-----------+-----------------+------------+----------------+--------------+-------------------+-------------+-----------------+--------------+----------------------+----------------------------------+-------------------------------------------+
* Clock Loads column represents cell count of net connects that connect to a clock pin. Internal cell leaf pins are not considered
** Non-Clock Loads column represents cell count of non-clock pin loads


3. Global Clock Source Details
------------------------------

+-----------+-----------+--------------------+------------+----------------+--------------+-------------+-----------------+---------------------+----------------------+--------------------------------------------+---------------------------------------+
| Source Id | Global Id | Driver Type/Pin    | Constraint | Site           | Clock Region | Clock Loads | Non-Clock Loads | Source Clock Period | Source Clock         | Driver Pin                                 | Net                                   |
+-----------+-----------+--------------------+------------+----------------+--------------+-------------+-----------------+---------------------+----------------------+--------------------------------------------+---------------------------------------+
| src0      | g0        | PLLE2_ADV/CLKOUT0  | None       | PLLE2_ADV_X0Y1 | X0Y1         |           1 |               0 |              20.000 | clk_out1_clk_wiz_0_1 | instance_name/inst/plle2_adv_inst/CLKOUT0  | instance_name/inst/clk_out1_clk_wiz_0 |
| src1      | g1        | LUT6/O             | None       | SLICE_X53Y95   | X1Y1         |           1 |               0 |                     |                      | u_vid/spmm_indices_reg[319]_i_2/O          | u_vid/data_ready_reg                  |
| src2      | g2        | LUT5/O             | None       | SLICE_X52Y95   | X1Y1         |           1 |               0 |                     |                      | u_vid/n_0_8909_BUFG_inst_i_1/O             | u_vid/n_0_8909_BUFG_inst_n_1          |
| src3      | g3        | LUT5/O             | None       | SLICE_X52Y95   | X1Y1         |           1 |               0 |                     |                      | u_vid/n_1_8910_BUFG_inst_i_1/O             | u_vid/n_1_8910_BUFG_inst_n_2          |
| src4      | g4        | LUT5/O             | None       | SLICE_X52Y95   | X1Y1         |           1 |               0 |                     |                      | u_vid/n_2_8911_BUFG_inst_i_1/O             | u_vid/n_2_8911_BUFG_inst_n_3          |
| src5      | g5        | LUT5/O             | None       | SLICE_X52Y95   | X1Y1         |           1 |               0 |                     |                      | u_vid/n_3_8912_BUFG_inst_i_1/O             | u_vid/n_3_8912_BUFG_inst_n_4          |
| src6      | g6        | LUT5/O             | None       | SLICE_X52Y95   | X1Y1         |           1 |               0 |                     |                      | u_vid/n_4_8913_BUFG_inst_i_1/O             | u_vid/n_4_8913_BUFG_inst_n_5          |
| src7      | g7        | LUT5/O             | None       | SLICE_X52Y95   | X1Y1         |           1 |               0 |                     |                      | u_vid/n_5_8914_BUFG_inst_i_1/O             | u_vid/n_5_8914_BUFG_inst_n_6          |
| src8      | g8        | LUT5/O             | None       | SLICE_X52Y95   | X1Y1         |           1 |               0 |                     |                      | u_vid/n_6_8915_BUFG_inst_i_1/O             | u_vid/n_6_8915_BUFG_inst_n_7          |
| src9      | g9        | LUT5/O             | None       | SLICE_X52Y95   | X1Y1         |           1 |               0 |                     |                      | u_vid/n_7_8916_BUFG_inst_i_1/O             | u_vid/n_7_8916_BUFG_inst_n_8          |
| src10     | g10       | LUT5/O             | None       | SLICE_X53Y95   | X1Y1         |           1 |               0 |                     |                      | u_vid/n_8_8917_BUFG_inst_i_1/O             | u_vid/n_8_8917_BUFG_inst_n_9          |
| src11     | g11       | LUT2/O             | None       | SLICE_X51Y96   | X0Y1         |           1 |               0 |                     |                      | u_vid/vs1_data_reg[15][7]_i_6/O            | u_vid/state_reg[0]_230                |
| src12     | g12       | IBUF/O             | None       | IOB_X0Y78      | X0Y1         |           1 |              17 |                     |                      | nib_hold_req_i_IBUF_inst/O                 | nib_hold_req_i_IBUF                   |
| src13     | g13       | PLLE2_ADV/CLKFBOUT | None       | PLLE2_ADV_X0Y1 | X0Y1         |           1 |               0 |              20.000 | clkfbout_clk_wiz_0_1 | instance_name/inst/plle2_adv_inst/CLKFBOUT | instance_name/inst/clkfbout_clk_wiz_0 |
+-----------+-----------+--------------------+------------+----------------+--------------+-------------+-----------------+---------------------+----------------------+--------------------------------------------+---------------------------------------+
* Clock Loads column represents cell count of net connects that connect to a clock pin. Internal cell leaf pins are not considered
** Non-Clock Loads column represents cell count of non-clock pin loads


4. Local Clock Details
----------------------

+----------+-----------------+------------+------------------+--------------+-------------+-----------------+--------------+-------+-------------------------+------------------------+
| Local Id | Driver Type/Pin | Constraint | Site/BEL         | Clock Region | Clock Loads | Non-Clock Loads | Clock Period | Clock | Driver Pin              | Net                    |
+----------+-----------------+------------+------------------+--------------+-------------+-----------------+--------------+-------+-------------------------+------------------------+
| 0        | LDCE/Q          | None       | SLICE_X35Y80/AFF | X0Y1         |           5 |              40 |              |       | u_vex/index_ready_reg/Q | u_vex/ex_index_ready_o |
+----------+-----------------+------------+------------------+--------------+-------------+-----------------+--------------+-------+-------------------------+------------------------+
* Local Clocks in this context represents only clocks driven by non-global buffers
** Clock Loads column represents cell count of net connects that connect to a clock pin. Internal cell leaf pins are not considered
*** Non-Clock Loads column represents cell count of non-clock pin loads


5. Clock Regions: Key Resource Utilization
------------------------------------------

+-------------------+--------------+--------------+--------------+--------------+--------------+--------------+--------------+--------------+--------------+--------------+--------------+--------------+--------------+--------------+--------------+
|                   | Global Clock |     BUFRs    |    BUFMRs    |    BUFIOs    |     MMCM     |      PLL     |      GT      |      PCI     |    ILOGIC    |    OLOGIC    |      FF      |     LUTM     |    RAMB18    |    RAMB36    |    DSP48E2   |
+-------------------+------+-------+------+-------+------+-------+------+-------+------+-------+------+-------+------+-------+------+-------+------+-------+------+-------+------+-------+------+-------+------+-------+------+-------+------+-------+
| Clock Region Name | Used | Avail | Used | Avail | Used | Avail | Used | Avail | Used | Avail | Used | Avail | Used | Avail | Used | Avail | Used | Avail | Used | Avail | Used | Avail | Used | Avail | Used | Avail | Used | Avail | Used | Avail |
+-------------------+------+-------+------+-------+------+-------+------+-------+------+-------+------+-------+------+-------+------+-------+------+-------+------+-------+------+-------+------+-------+------+-------+------+-------+------+-------+
| X0Y0              |   11 |    12 |    0 |     4 |    0 |     2 |    0 |     4 |    0 |     1 |    0 |     1 |    0 |     0 |    0 |     0 |    0 |    50 |    0 |    50 |  736 |  2600 |  274 |   600 |    0 |    20 |    0 |    10 |    0 |    20 |
| X1Y0              |   11 |    12 |    0 |     0 |    0 |     0 |    0 |     0 |    0 |     0 |    0 |     0 |    0 |     4 |    0 |     0 |    0 |     0 |    0 |     0 |  446 |  1500 |  367 |   550 |    0 |    40 |    0 |    20 |    0 |    40 |
| X0Y1              |   12 |    12 |    0 |     4 |    0 |     2 |    0 |     4 |    0 |     1 |    1 |     1 |    0 |     0 |    0 |     0 |    0 |    50 |    0 |    50 | 1101 |  2000 |  407 |   600 |    0 |    20 |    0 |    10 |    0 |    20 |
| X1Y1              |    9 |    12 |    0 |     4 |    0 |     2 |    0 |     4 |    0 |     1 |    0 |     1 |    0 |     0 |    0 |     0 |    0 |    50 |    0 |    50 | 2432 |  1900 | 1152 |   650 |    0 |    60 |    0 |    30 |    0 |    40 |
| X0Y2              |    1 |    12 |    0 |     4 |    0 |     2 |    0 |     4 |    0 |     1 |    0 |     1 |    0 |     0 |    0 |     0 |    0 |    50 |    0 |    50 |   44 |  2000 |   15 |   600 |    0 |    20 |    0 |    10 |    0 |    20 |
| X1Y2              |    1 |    12 |    0 |     4 |    0 |     2 |    0 |     4 |    0 |     1 |    0 |     1 |    0 |     0 |    0 |     0 |    0 |    50 |    0 |    50 |   12 |  1900 |    3 |   650 |    0 |    60 |    0 |    30 |    0 |    40 |
| X0Y3              |    0 |    12 |    0 |     4 |    0 |     2 |    0 |     4 |    0 |     1 |    0 |     1 |    0 |     0 |    0 |     0 |    0 |    50 |    0 |    50 |    0 |  2600 |    0 |   600 |    0 |    20 |    0 |    10 |    0 |    20 |
| X1Y3              |    0 |    12 |    0 |     0 |    0 |     0 |    0 |     0 |    0 |     0 |    0 |     0 |    0 |     4 |    0 |     1 |    0 |     0 |    0 |     0 |    0 |  1350 |    0 |   500 |    0 |    30 |    0 |    15 |    0 |    40 |
+-------------------+------+-------+------+-------+------+-------+------+-------+------+-------+------+-------+------+-------+------+-------+------+-------+------+-------+------+-------+------+-------+------+-------+------+-------+------+-------+
* Global Clock column represents track count; while other columns represents cell counts


6. Clock Regions : Global Clock Summary
---------------------------------------

All Modules
+----+----+----+
|    | X0 | X1 |
+----+----+----+
| Y3 |  0 |  0 |
| Y2 |  0 |  0 |
| Y1 |  0 |  0 |
| Y0 |  0 |  0 |
+----+----+----+


7. Device Cell Placement Summary for Global Clock g0
----------------------------------------------------

+-----------+-----------------+-------------------+----------------------+-------------+----------------+-------------+----------+----------------+----------+-----------------------------+
| Global Id | Driver Type/Pin | Driver Region (D) | Clock                | Period (ns) | Waveform (ns)  | Slice Loads | IO Loads | Clocking Loads | GT Loads | Net                         |
+-----------+-----------------+-------------------+----------------------+-------------+----------------+-------------+----------+----------------+----------+-----------------------------+
| g0        | BUFG/O          | n/a               | clk_out1_clk_wiz_0_1 |      20.000 | {0.000 10.000} |        4771 |        0 |              0 |        0 | instance_name/inst/clk_out1 |
+-----------+-----------------+-------------------+----------------------+-------------+----------------+-------------+----------+----------------+----------+-----------------------------+
* Slice Loads column represents load cell count of all cell types other than IO, GT and clock resources
** IO Loads column represents load cell count of IO types
*** Clocking Loads column represents load cell count that are clock resources (global clock buffer, MMCM, PLL, etc)
**** GT Loads column represents load cell count of GT types


+----+-------+-------+-----------------------+
|    | X0    | X1    | HORIZONTAL PROG DELAY |
+----+-------+-------+-----------------------+
| Y3 |     0 |     0 |                     - |
| Y2 |    44 |    12 |                     0 |
| Y1 |  1101 |  2432 |                     0 |
| Y0 |   736 |   446 |                     0 |
+----+-------+-------+-----------------------+


8. Device Cell Placement Summary for Global Clock g1
----------------------------------------------------

+-----------+-----------------+-------------------+-------+-------------+---------------+-------------+----------+----------------+----------+------------+
| Global Id | Driver Type/Pin | Driver Region (D) | Clock | Period (ns) | Waveform (ns) | Slice Loads | IO Loads | Clocking Loads | GT Loads | Net        |
+-----------+-----------------+-------------------+-------+-------------+---------------+-------------+----------+----------------+----------+------------+
| g1        | BUFG/O          | n/a               |       |             |               |        1045 |        0 |              0 |        0 | spmm_data0 |
+-----------+-----------------+-------------------+-------+-------------+---------------+-------------+----------+----------------+----------+------------+
* Slice Loads column represents load cell count of all cell types other than IO, GT and clock resources
** IO Loads column represents load cell count of IO types
*** Clocking Loads column represents load cell count that are clock resources (global clock buffer, MMCM, PLL, etc)
**** GT Loads column represents load cell count of GT types


+----+------+------+-----------------------+
|    | X0   | X1   | HORIZONTAL PROG DELAY |
+----+------+------+-----------------------+
| Y3 |    0 |    0 |                     - |
| Y2 |    0 |    0 |                     - |
| Y1 |  340 |  705 |                     0 |
| Y0 |    0 |    0 |                     - |
+----+------+------+-----------------------+


9. Device Cell Placement Summary for Global Clock g2
----------------------------------------------------

+-----------+-----------------+-------------------+-------+-------------+---------------+-------------+----------+----------------+----------+---------------+
| Global Id | Driver Type/Pin | Driver Region (D) | Clock | Period (ns) | Waveform (ns) | Slice Loads | IO Loads | Clocking Loads | GT Loads | Net           |
+-----------+-----------------+-------------------+-------+-------------+---------------+-------------+----------+----------------+----------+---------------+
| g2        | BUFG/O          | n/a               |       |             |               |         128 |        0 |              0 |        0 | n_0_8909_BUFG |
+-----------+-----------------+-------------------+-------+-------------+---------------+-------------+----------+----------------+----------+---------------+
* Slice Loads column represents load cell count of all cell types other than IO, GT and clock resources
** IO Loads column represents load cell count of IO types
*** Clocking Loads column represents load cell count that are clock resources (global clock buffer, MMCM, PLL, etc)
**** GT Loads column represents load cell count of GT types


+----+-----+-----+-----------------------+
|    | X0  | X1  | HORIZONTAL PROG DELAY |
+----+-----+-----+-----------------------+
| Y3 |   0 |   0 |                     - |
| Y2 |   0 |   0 |                     - |
| Y1 |   4 |   0 |                     0 |
| Y0 |  79 |  45 |                     0 |
+----+-----+-----+-----------------------+


10. Device Cell Placement Summary for Global Clock g3
-----------------------------------------------------

+-----------+-----------------+-------------------+-------+-------------+---------------+-------------+----------+----------------+----------+---------------+
| Global Id | Driver Type/Pin | Driver Region (D) | Clock | Period (ns) | Waveform (ns) | Slice Loads | IO Loads | Clocking Loads | GT Loads | Net           |
+-----------+-----------------+-------------------+-------+-------------+---------------+-------------+----------+----------------+----------+---------------+
| g3        | BUFG/O          | n/a               |       |             |               |         128 |        0 |              0 |        0 | n_1_8910_BUFG |
+-----------+-----------------+-------------------+-------+-------------+---------------+-------------+----------+----------------+----------+---------------+
* Slice Loads column represents load cell count of all cell types other than IO, GT and clock resources
** IO Loads column represents load cell count of IO types
*** Clocking Loads column represents load cell count that are clock resources (global clock buffer, MMCM, PLL, etc)
**** GT Loads column represents load cell count of GT types


+----+-----+-----+-----------------------+
|    | X0  | X1  | HORIZONTAL PROG DELAY |
+----+-----+-----+-----------------------+
| Y3 |   0 |   0 |                     - |
| Y2 |   0 |   0 |                     - |
| Y1 |   4 |   1 |                     0 |
| Y0 |  77 |  46 |                     0 |
+----+-----+-----+-----------------------+


11. Device Cell Placement Summary for Global Clock g4
-----------------------------------------------------

+-----------+-----------------+-------------------+-------+-------------+---------------+-------------+----------+----------------+----------+---------------+
| Global Id | Driver Type/Pin | Driver Region (D) | Clock | Period (ns) | Waveform (ns) | Slice Loads | IO Loads | Clocking Loads | GT Loads | Net           |
+-----------+-----------------+-------------------+-------+-------------+---------------+-------------+----------+----------------+----------+---------------+
| g4        | BUFG/O          | n/a               |       |             |               |         128 |        0 |              0 |        0 | n_2_8911_BUFG |
+-----------+-----------------+-------------------+-------+-------------+---------------+-------------+----------+----------------+----------+---------------+
* Slice Loads column represents load cell count of all cell types other than IO, GT and clock resources
** IO Loads column represents load cell count of IO types
*** Clocking Loads column represents load cell count that are clock resources (global clock buffer, MMCM, PLL, etc)
**** GT Loads column represents load cell count of GT types


+----+-----+-----+-----------------------+
|    | X0  | X1  | HORIZONTAL PROG DELAY |
+----+-----+-----+-----------------------+
| Y3 |   0 |   0 |                     - |
| Y2 |   0 |   0 |                     - |
| Y1 |   0 |   0 |                     - |
| Y0 |  83 |  45 |                     0 |
+----+-----+-----+-----------------------+


12. Device Cell Placement Summary for Global Clock g5
-----------------------------------------------------

+-----------+-----------------+-------------------+-------+-------------+---------------+-------------+----------+----------------+----------+---------------+
| Global Id | Driver Type/Pin | Driver Region (D) | Clock | Period (ns) | Waveform (ns) | Slice Loads | IO Loads | Clocking Loads | GT Loads | Net           |
+-----------+-----------------+-------------------+-------+-------------+---------------+-------------+----------+----------------+----------+---------------+
| g5        | BUFG/O          | n/a               |       |             |               |         128 |        0 |              0 |        0 | n_3_8912_BUFG |
+-----------+-----------------+-------------------+-------+-------------+---------------+-------------+----------+----------------+----------+---------------+
* Slice Loads column represents load cell count of all cell types other than IO, GT and clock resources
** IO Loads column represents load cell count of IO types
*** Clocking Loads column represents load cell count that are clock resources (global clock buffer, MMCM, PLL, etc)
**** GT Loads column represents load cell count of GT types


+----+-----+-----+-----------------------+
|    | X0  | X1  | HORIZONTAL PROG DELAY |
+----+-----+-----+-----------------------+
| Y3 |   0 |   0 |                     - |
| Y2 |   0 |   0 |                     - |
| Y1 |   4 |   0 |                     0 |
| Y0 |  77 |  47 |                     0 |
+----+-----+-----+-----------------------+


13. Device Cell Placement Summary for Global Clock g6
-----------------------------------------------------

+-----------+-----------------+-------------------+-------+-------------+---------------+-------------+----------+----------------+----------+---------------+
| Global Id | Driver Type/Pin | Driver Region (D) | Clock | Period (ns) | Waveform (ns) | Slice Loads | IO Loads | Clocking Loads | GT Loads | Net           |
+-----------+-----------------+-------------------+-------+-------------+---------------+-------------+----------+----------------+----------+---------------+
| g6        | BUFG/O          | n/a               |       |             |               |         128 |        0 |              0 |        0 | n_4_8913_BUFG |
+-----------+-----------------+-------------------+-------+-------------+---------------+-------------+----------+----------------+----------+---------------+
* Slice Loads column represents load cell count of all cell types other than IO, GT and clock resources
** IO Loads column represents load cell count of IO types
*** Clocking Loads column represents load cell count that are clock resources (global clock buffer, MMCM, PLL, etc)
**** GT Loads column represents load cell count of GT types


+----+-----+-----+-----------------------+
|    | X0  | X1  | HORIZONTAL PROG DELAY |
+----+-----+-----+-----------------------+
| Y3 |   0 |   0 |                     - |
| Y2 |   0 |   0 |                     - |
| Y1 |   4 |   2 |                     0 |
| Y0 |  79 |  43 |                     0 |
+----+-----+-----+-----------------------+


14. Device Cell Placement Summary for Global Clock g7
-----------------------------------------------------

+-----------+-----------------+-------------------+-------+-------------+---------------+-------------+----------+----------------+----------+---------------+
| Global Id | Driver Type/Pin | Driver Region (D) | Clock | Period (ns) | Waveform (ns) | Slice Loads | IO Loads | Clocking Loads | GT Loads | Net           |
+-----------+-----------------+-------------------+-------+-------------+---------------+-------------+----------+----------------+----------+---------------+
| g7        | BUFG/O          | n/a               |       |             |               |         128 |        0 |              0 |        0 | n_5_8914_BUFG |
+-----------+-----------------+-------------------+-------+-------------+---------------+-------------+----------+----------------+----------+---------------+
* Slice Loads column represents load cell count of all cell types other than IO, GT and clock resources
** IO Loads column represents load cell count of IO types
*** Clocking Loads column represents load cell count that are clock resources (global clock buffer, MMCM, PLL, etc)
**** GT Loads column represents load cell count of GT types


+----+-----+-----+-----------------------+
|    | X0  | X1  | HORIZONTAL PROG DELAY |
+----+-----+-----+-----------------------+
| Y3 |   0 |   0 |                     - |
| Y2 |   0 |   0 |                     - |
| Y1 |   4 |   1 |                     0 |
| Y0 |  80 |  43 |                     0 |
+----+-----+-----+-----------------------+


15. Device Cell Placement Summary for Global Clock g8
-----------------------------------------------------

+-----------+-----------------+-------------------+-------+-------------+---------------+-------------+----------+----------------+----------+---------------+
| Global Id | Driver Type/Pin | Driver Region (D) | Clock | Period (ns) | Waveform (ns) | Slice Loads | IO Loads | Clocking Loads | GT Loads | Net           |
+-----------+-----------------+-------------------+-------+-------------+---------------+-------------+----------+----------------+----------+---------------+
| g8        | BUFG/O          | n/a               |       |             |               |         128 |        0 |              0 |        0 | n_6_8915_BUFG |
+-----------+-----------------+-------------------+-------+-------------+---------------+-------------+----------+----------------+----------+---------------+
* Slice Loads column represents load cell count of all cell types other than IO, GT and clock resources
** IO Loads column represents load cell count of IO types
*** Clocking Loads column represents load cell count that are clock resources (global clock buffer, MMCM, PLL, etc)
**** GT Loads column represents load cell count of GT types


+----+-----+-----+-----------------------+
|    | X0  | X1  | HORIZONTAL PROG DELAY |
+----+-----+-----+-----------------------+
| Y3 |   0 |   0 |                     - |
| Y2 |   0 |   0 |                     - |
| Y1 |   0 |   0 |                     - |
| Y0 |  80 |  48 |                     0 |
+----+-----+-----+-----------------------+


16. Device Cell Placement Summary for Global Clock g9
-----------------------------------------------------

+-----------+-----------------+-------------------+-------+-------------+---------------+-------------+----------+----------------+----------+---------------+
| Global Id | Driver Type/Pin | Driver Region (D) | Clock | Period (ns) | Waveform (ns) | Slice Loads | IO Loads | Clocking Loads | GT Loads | Net           |
+-----------+-----------------+-------------------+-------+-------------+---------------+-------------+----------+----------------+----------+---------------+
| g9        | BUFG/O          | n/a               |       |             |               |         128 |        0 |              0 |        0 | n_7_8916_BUFG |
+-----------+-----------------+-------------------+-------+-------------+---------------+-------------+----------+----------------+----------+---------------+
* Slice Loads column represents load cell count of all cell types other than IO, GT and clock resources
** IO Loads column represents load cell count of IO types
*** Clocking Loads column represents load cell count that are clock resources (global clock buffer, MMCM, PLL, etc)
**** GT Loads column represents load cell count of GT types


+----+-----+-----+-----------------------+
|    | X0  | X1  | HORIZONTAL PROG DELAY |
+----+-----+-----+-----------------------+
| Y3 |   0 |   0 |                     - |
| Y2 |   0 |   0 |                     - |
| Y1 |   3 |   1 |                     0 |
| Y0 |  80 |  44 |                     0 |
+----+-----+-----+-----------------------+


17. Device Cell Placement Summary for Global Clock g10
------------------------------------------------------

+-----------+-----------------+-------------------+-------+-------------+---------------+-------------+----------+----------------+----------+---------------+
| Global Id | Driver Type/Pin | Driver Region (D) | Clock | Period (ns) | Waveform (ns) | Slice Loads | IO Loads | Clocking Loads | GT Loads | Net           |
+-----------+-----------------+-------------------+-------+-------------+---------------+-------------+----------+----------------+----------+---------------+
| g10       | BUFG/O          | n/a               |       |             |               |         128 |        0 |              0 |        0 | n_8_8917_BUFG |
+-----------+-----------------+-------------------+-------+-------------+---------------+-------------+----------+----------------+----------+---------------+
* Slice Loads column represents load cell count of all cell types other than IO, GT and clock resources
** IO Loads column represents load cell count of IO types
*** Clocking Loads column represents load cell count that are clock resources (global clock buffer, MMCM, PLL, etc)
**** GT Loads column represents load cell count of GT types


+----+-----+-----+-----------------------+
|    | X0  | X1  | HORIZONTAL PROG DELAY |
+----+-----+-----+-----------------------+
| Y3 |   0 |   0 |                     - |
| Y2 |   0 |   0 |                     - |
| Y1 |   4 |   1 |                     0 |
| Y0 |  78 |  45 |                     0 |
+----+-----+-----+-----------------------+


18. Device Cell Placement Summary for Global Clock g11
------------------------------------------------------

+-----------+-----------------+-------------------+-------+-------------+---------------+-------------+----------+----------------+----------+----------+
| Global Id | Driver Type/Pin | Driver Region (D) | Clock | Period (ns) | Waveform (ns) | Slice Loads | IO Loads | Clocking Loads | GT Loads | Net      |
+-----------+-----------------+-------------------+-------+-------------+---------------+-------------+----------+----------------+----------+----------+
| g11       | BUFG/O          | n/a               |       |             |               |         128 |        0 |              0 |        0 | vs1_data |
+-----------+-----------------+-------------------+-------+-------------+---------------+-------------+----------+----------------+----------+----------+
* Slice Loads column represents load cell count of all cell types other than IO, GT and clock resources
** IO Loads column represents load cell count of IO types
*** Clocking Loads column represents load cell count that are clock resources (global clock buffer, MMCM, PLL, etc)
**** GT Loads column represents load cell count of GT types


+----+-----+-----+-----------------------+
|    | X0  | X1  | HORIZONTAL PROG DELAY |
+----+-----+-----+-----------------------+
| Y3 |   0 |   0 |                     - |
| Y2 |   0 |   0 |                     - |
| Y1 |  17 |  12 |                     0 |
| Y0 |  55 |  44 |                     0 |
+----+-----+-----+-----------------------+


19. Device Cell Placement Summary for Global Clock g12
------------------------------------------------------

+-----------+-----------------+-------------------+-------+-------------+---------------+-------------+----------+----------------+----------+--------------------------+
| Global Id | Driver Type/Pin | Driver Region (D) | Clock | Period (ns) | Waveform (ns) | Slice Loads | IO Loads | Clocking Loads | GT Loads | Net                      |
+-----------+-----------------+-------------------+-------+-------------+---------------+-------------+----------+----------------+----------+--------------------------+
| g12       | BUFG/O          | n/a               |       |             |               |          30 |        0 |              0 |        0 | nib_hold_req_i_IBUF_BUFG |
+-----------+-----------------+-------------------+-------+-------------+---------------+-------------+----------+----------------+----------+--------------------------+
* Slice Loads column represents load cell count of all cell types other than IO, GT and clock resources
** IO Loads column represents load cell count of IO types
*** Clocking Loads column represents load cell count that are clock resources (global clock buffer, MMCM, PLL, etc)
**** GT Loads column represents load cell count of GT types


+----+-----+-----+-----------------------+
|    | X0  | X1  | HORIZONTAL PROG DELAY |
+----+-----+-----+-----------------------+
| Y3 |   0 |   0 |                     - |
| Y2 |   0 |   0 |                     - |
| Y1 |  11 |  19 |                     0 |
| Y0 |   0 |   0 |                     - |
+----+-----+-----+-----------------------+


20. Device Cell Placement Summary for Global Clock g13
------------------------------------------------------

+-----------+-----------------+-------------------+----------------------+-------------+----------------+-------------+----------+----------------+----------+-------------------------------------------+
| Global Id | Driver Type/Pin | Driver Region (D) | Clock                | Period (ns) | Waveform (ns)  | Slice Loads | IO Loads | Clocking Loads | GT Loads | Net                                       |
+-----------+-----------------+-------------------+----------------------+-------------+----------------+-------------+----------+----------------+----------+-------------------------------------------+
| g13       | BUFG/O          | n/a               | clkfbout_clk_wiz_0_1 |      20.000 | {0.000 10.000} |           0 |        0 |              1 |        0 | instance_name/inst/clkfbout_buf_clk_wiz_0 |
+-----------+-----------------+-------------------+----------------------+-------------+----------------+-------------+----------+----------------+----------+-------------------------------------------+
* Slice Loads column represents load cell count of all cell types other than IO, GT and clock resources
** IO Loads column represents load cell count of IO types
*** Clocking Loads column represents load cell count that are clock resources (global clock buffer, MMCM, PLL, etc)
**** GT Loads column represents load cell count of GT types


+----+----+----+-----------------------+
|    | X0 | X1 | HORIZONTAL PROG DELAY |
+----+----+----+-----------------------+
| Y3 |  0 |  0 |                     - |
| Y2 |  0 |  0 |                     - |
| Y1 |  1 |  0 |                     0 |
| Y0 |  0 |  0 |                     - |
+----+----+----+-----------------------+


21. Clock Region Cell Placement per Global Clock: Region X0Y0
-------------------------------------------------------------

+-----------+-------+-----------------+------------+-------------+-----------------+-----+-------------+------+-----+----+------+-----+---------+-----------------------------+
| Global Id | Track | Driver Type/Pin | Constraint | Clock Loads | Non-Clock Loads | FF  | Memory LUTs | RAMB | DSP | GT | MMCM | PLL | Hard IP | Net                         |
+-----------+-------+-----------------+------------+-------------+-----------------+-----+-------------+------+-----+----+------+-----+---------+-----------------------------+
| g0        | n/a   | BUFG/O          | None       |         736 |               0 | 736 |           0 |    0 |   0 |  0 |    0 |   0 |       0 | instance_name/inst/clk_out1 |
| g2        | n/a   | BUFG/O          | None       |          79 |               0 |   0 |           0 |    0 |   0 |  0 |    0 |   0 |       0 | n_0_8909_BUFG               |
| g3        | n/a   | BUFG/O          | None       |          77 |               0 |   0 |           0 |    0 |   0 |  0 |    0 |   0 |       0 | n_1_8910_BUFG               |
| g4        | n/a   | BUFG/O          | None       |          83 |               0 |   0 |           0 |    0 |   0 |  0 |    0 |   0 |       0 | n_2_8911_BUFG               |
| g5        | n/a   | BUFG/O          | None       |          77 |               0 |   0 |           0 |    0 |   0 |  0 |    0 |   0 |       0 | n_3_8912_BUFG               |
| g6        | n/a   | BUFG/O          | None       |          79 |               0 |   0 |           0 |    0 |   0 |  0 |    0 |   0 |       0 | n_4_8913_BUFG               |
| g7        | n/a   | BUFG/O          | None       |          80 |               0 |   0 |           0 |    0 |   0 |  0 |    0 |   0 |       0 | n_5_8914_BUFG               |
| g8        | n/a   | BUFG/O          | None       |          80 |               0 |   0 |           0 |    0 |   0 |  0 |    0 |   0 |       0 | n_6_8915_BUFG               |
| g9        | n/a   | BUFG/O          | None       |          80 |               0 |   0 |           0 |    0 |   0 |  0 |    0 |   0 |       0 | n_7_8916_BUFG               |
| g10       | n/a   | BUFG/O          | None       |          78 |               0 |   0 |           0 |    0 |   0 |  0 |    0 |   0 |       0 | n_8_8917_BUFG               |
| g11       | n/a   | BUFG/O          | None       |          55 |               0 |   0 |           0 |    0 |   0 |  0 |    0 |   0 |       0 | vs1_data                    |
+-----------+-------+-----------------+------------+-------------+-----------------+-----+-------------+------+-----+----+------+-----+---------+-----------------------------+
* Clock Loads column represents cell count of net connects that connect to a clock pin. Internal cell leaf pins are not considered
** Non-Clock Loads column represents cell count of non-clock pin loads
*** Columns FF, LUTRAM, RAMB through 'Hard IP' represents load cell counts


22. Clock Region Cell Placement per Global Clock: Region X1Y0
-------------------------------------------------------------

+-----------+-------+-----------------+------------+-------------+-----------------+-----+-------------+------+-----+----+------+-----+---------+-----------------------------+
| Global Id | Track | Driver Type/Pin | Constraint | Clock Loads | Non-Clock Loads | FF  | Memory LUTs | RAMB | DSP | GT | MMCM | PLL | Hard IP | Net                         |
+-----------+-------+-----------------+------------+-------------+-----------------+-----+-------------+------+-----+----+------+-----+---------+-----------------------------+
| g0        | n/a   | BUFG/O          | None       |         446 |               0 | 446 |           0 |    0 |   0 |  0 |    0 |   0 |       0 | instance_name/inst/clk_out1 |
| g2        | n/a   | BUFG/O          | None       |          45 |               0 |   0 |           0 |    0 |   0 |  0 |    0 |   0 |       0 | n_0_8909_BUFG               |
| g3        | n/a   | BUFG/O          | None       |          46 |               0 |   0 |           0 |    0 |   0 |  0 |    0 |   0 |       0 | n_1_8910_BUFG               |
| g4        | n/a   | BUFG/O          | None       |          45 |               0 |   0 |           0 |    0 |   0 |  0 |    0 |   0 |       0 | n_2_8911_BUFG               |
| g5        | n/a   | BUFG/O          | None       |          47 |               0 |   0 |           0 |    0 |   0 |  0 |    0 |   0 |       0 | n_3_8912_BUFG               |
| g6        | n/a   | BUFG/O          | None       |          43 |               0 |   0 |           0 |    0 |   0 |  0 |    0 |   0 |       0 | n_4_8913_BUFG               |
| g7        | n/a   | BUFG/O          | None       |          43 |               0 |   0 |           0 |    0 |   0 |  0 |    0 |   0 |       0 | n_5_8914_BUFG               |
| g8        | n/a   | BUFG/O          | None       |          48 |               0 |   0 |           0 |    0 |   0 |  0 |    0 |   0 |       0 | n_6_8915_BUFG               |
| g9        | n/a   | BUFG/O          | None       |          44 |               0 |   0 |           0 |    0 |   0 |  0 |    0 |   0 |       0 | n_7_8916_BUFG               |
| g10       | n/a   | BUFG/O          | None       |          45 |               0 |   0 |           0 |    0 |   0 |  0 |    0 |   0 |       0 | n_8_8917_BUFG               |
| g11       | n/a   | BUFG/O          | None       |          44 |               0 |   0 |           0 |    0 |   0 |  0 |    0 |   0 |       0 | vs1_data                    |
+-----------+-------+-----------------+------------+-------------+-----------------+-----+-------------+------+-----+----+------+-----+---------+-----------------------------+
* Clock Loads column represents cell count of net connects that connect to a clock pin. Internal cell leaf pins are not considered
** Non-Clock Loads column represents cell count of non-clock pin loads
*** Columns FF, LUTRAM, RAMB through 'Hard IP' represents load cell counts


23. Clock Region Cell Placement per Global Clock: Region X0Y1
-------------------------------------------------------------

+-----------+-------+-----------------+------------+-------------+-----------------+------+-------------+------+-----+----+------+-----+---------+-------------------------------------------+
| Global Id | Track | Driver Type/Pin | Constraint | Clock Loads | Non-Clock Loads | FF   | Memory LUTs | RAMB | DSP | GT | MMCM | PLL | Hard IP | Net                                       |
+-----------+-------+-----------------+------------+-------------+-----------------+------+-------------+------+-----+----+------+-----+---------+-------------------------------------------+
| g0        | n/a   | BUFG/O          | None       |        1101 |               0 | 1101 |           0 |    0 |   0 |  0 |    0 |   0 |       0 | instance_name/inst/clk_out1               |
| g1        | n/a   | BUFG/O          | None       |         340 |               0 |    0 |           0 |    0 |   0 |  0 |    0 |   0 |       0 | spmm_data0                                |
| g2        | n/a   | BUFG/O          | None       |           4 |               0 |    0 |           0 |    0 |   0 |  0 |    0 |   0 |       0 | n_0_8909_BUFG                             |
| g3        | n/a   | BUFG/O          | None       |           4 |               0 |    0 |           0 |    0 |   0 |  0 |    0 |   0 |       0 | n_1_8910_BUFG                             |
| g5        | n/a   | BUFG/O          | None       |           4 |               0 |    0 |           0 |    0 |   0 |  0 |    0 |   0 |       0 | n_3_8912_BUFG                             |
| g6        | n/a   | BUFG/O          | None       |           4 |               0 |    0 |           0 |    0 |   0 |  0 |    0 |   0 |       0 | n_4_8913_BUFG                             |
| g7        | n/a   | BUFG/O          | None       |           4 |               0 |    0 |           0 |    0 |   0 |  0 |    0 |   0 |       0 | n_5_8914_BUFG                             |
| g9        | n/a   | BUFG/O          | None       |           3 |               0 |    0 |           0 |    0 |   0 |  0 |    0 |   0 |       0 | n_7_8916_BUFG                             |
| g10       | n/a   | BUFG/O          | None       |           4 |               0 |    0 |           0 |    0 |   0 |  0 |    0 |   0 |       0 | n_8_8917_BUFG                             |
| g11       | n/a   | BUFG/O          | None       |          17 |               0 |    0 |           0 |    0 |   0 |  0 |    0 |   0 |       0 | vs1_data                                  |
| g12       | n/a   | BUFG/O          | None       |          11 |               0 |    0 |           0 |    0 |   0 |  0 |    0 |   0 |       0 | nib_hold_req_i_IBUF_BUFG                  |
| g13       | n/a   | BUFG/O          | None       |           1 |               0 |    0 |           0 |    0 |   0 |  0 |    0 |   1 |       0 | instance_name/inst/clkfbout_buf_clk_wiz_0 |
+-----------+-------+-----------------+------------+-------------+-----------------+------+-------------+------+-----+----+------+-----+---------+-------------------------------------------+
* Clock Loads column represents cell count of net connects that connect to a clock pin. Internal cell leaf pins are not considered
** Non-Clock Loads column represents cell count of non-clock pin loads
*** Columns FF, LUTRAM, RAMB through 'Hard IP' represents load cell counts


24. Clock Region Cell Placement per Global Clock: Region X1Y1
-------------------------------------------------------------

+-----------+-------+-----------------+------------+-------------+-----------------+------+-------------+------+-----+----+------+-----+---------+-----------------------------+
| Global Id | Track | Driver Type/Pin | Constraint | Clock Loads | Non-Clock Loads | FF   | Memory LUTs | RAMB | DSP | GT | MMCM | PLL | Hard IP | Net                         |
+-----------+-------+-----------------+------------+-------------+-----------------+------+-------------+------+-----+----+------+-----+---------+-----------------------------+
| g0        | n/a   | BUFG/O          | None       |        2432 |               0 | 2432 |           0 |    0 |   0 |  0 |    0 |   0 |       0 | instance_name/inst/clk_out1 |
| g1        | n/a   | BUFG/O          | None       |         705 |               0 |    0 |           0 |    0 |   0 |  0 |    0 |   0 |       0 | spmm_data0                  |
| g3        | n/a   | BUFG/O          | None       |           1 |               0 |    0 |           0 |    0 |   0 |  0 |    0 |   0 |       0 | n_1_8910_BUFG               |
| g6        | n/a   | BUFG/O          | None       |           2 |               0 |    0 |           0 |    0 |   0 |  0 |    0 |   0 |       0 | n_4_8913_BUFG               |
| g7        | n/a   | BUFG/O          | None       |           1 |               0 |    0 |           0 |    0 |   0 |  0 |    0 |   0 |       0 | n_5_8914_BUFG               |
| g9        | n/a   | BUFG/O          | None       |           1 |               0 |    0 |           0 |    0 |   0 |  0 |    0 |   0 |       0 | n_7_8916_BUFG               |
| g10       | n/a   | BUFG/O          | None       |           1 |               0 |    0 |           0 |    0 |   0 |  0 |    0 |   0 |       0 | n_8_8917_BUFG               |
| g11       | n/a   | BUFG/O          | None       |          12 |               0 |    0 |           0 |    0 |   0 |  0 |    0 |   0 |       0 | vs1_data                    |
| g12       | n/a   | BUFG/O          | None       |          18 |               1 |    1 |           0 |    0 |   0 |  0 |    0 |   0 |       0 | nib_hold_req_i_IBUF_BUFG    |
+-----------+-------+-----------------+------------+-------------+-----------------+------+-------------+------+-----+----+------+-----+---------+-----------------------------+
* Clock Loads column represents cell count of net connects that connect to a clock pin. Internal cell leaf pins are not considered
** Non-Clock Loads column represents cell count of non-clock pin loads
*** Columns FF, LUTRAM, RAMB through 'Hard IP' represents load cell counts


25. Clock Region Cell Placement per Global Clock: Region X0Y2
-------------------------------------------------------------

+-----------+-------+-----------------+------------+-------------+-----------------+----+-------------+------+-----+----+------+-----+---------+-----------------------------+
| Global Id | Track | Driver Type/Pin | Constraint | Clock Loads | Non-Clock Loads | FF | Memory LUTs | RAMB | DSP | GT | MMCM | PLL | Hard IP | Net                         |
+-----------+-------+-----------------+------------+-------------+-----------------+----+-------------+------+-----+----+------+-----+---------+-----------------------------+
| g0        | n/a   | BUFG/O          | None       |          44 |               0 | 44 |           0 |    0 |   0 |  0 |    0 |   0 |       0 | instance_name/inst/clk_out1 |
+-----------+-------+-----------------+------------+-------------+-----------------+----+-------------+------+-----+----+------+-----+---------+-----------------------------+
* Clock Loads column represents cell count of net connects that connect to a clock pin. Internal cell leaf pins are not considered
** Non-Clock Loads column represents cell count of non-clock pin loads
*** Columns FF, LUTRAM, RAMB through 'Hard IP' represents load cell counts


26. Clock Region Cell Placement per Global Clock: Region X1Y2
-------------------------------------------------------------

+-----------+-------+-----------------+------------+-------------+-----------------+----+-------------+------+-----+----+------+-----+---------+-----------------------------+
| Global Id | Track | Driver Type/Pin | Constraint | Clock Loads | Non-Clock Loads | FF | Memory LUTs | RAMB | DSP | GT | MMCM | PLL | Hard IP | Net                         |
+-----------+-------+-----------------+------------+-------------+-----------------+----+-------------+------+-----+----+------+-----+---------+-----------------------------+
| g0        | n/a   | BUFG/O          | None       |          12 |               0 | 12 |           0 |    0 |   0 |  0 |    0 |   0 |       0 | instance_name/inst/clk_out1 |
+-----------+-------+-----------------+------------+-------------+-----------------+----+-------------+------+-----+----+------+-----+---------+-----------------------------+
* Clock Loads column represents cell count of net connects that connect to a clock pin. Internal cell leaf pins are not considered
** Non-Clock Loads column represents cell count of non-clock pin loads
*** Columns FF, LUTRAM, RAMB through 'Hard IP' represents load cell counts



# Location of BUFG Primitives 
set_property LOC BUFGCTRL_X0Y11 [get_cells vs1_data_reg[15][7]_i_2]
set_property LOC BUFGCTRL_X0Y1 [get_cells spmm_indices_reg[319]_i_1]
set_property LOC BUFGCTRL_X0Y12 [get_cells nib_hold_req_i_IBUF_BUFG_inst]
set_property LOC BUFGCTRL_X0Y10 [get_cells n_8_8917_BUFG_inst]
set_property LOC BUFGCTRL_X0Y9 [get_cells n_7_8916_BUFG_inst]
set_property LOC BUFGCTRL_X0Y8 [get_cells n_6_8915_BUFG_inst]
set_property LOC BUFGCTRL_X0Y7 [get_cells n_5_8914_BUFG_inst]
set_property LOC BUFGCTRL_X0Y6 [get_cells n_4_8913_BUFG_inst]
set_property LOC BUFGCTRL_X0Y5 [get_cells n_3_8912_BUFG_inst]
set_property LOC BUFGCTRL_X0Y4 [get_cells n_2_8911_BUFG_inst]
set_property LOC BUFGCTRL_X0Y3 [get_cells n_1_8910_BUFG_inst]
set_property LOC BUFGCTRL_X0Y2 [get_cells n_0_8909_BUFG_inst]
set_property LOC BUFGCTRL_X0Y13 [get_cells instance_name/inst/clkf_buf]
set_property LOC BUFGCTRL_X0Y0 [get_cells instance_name/inst/clkout1_buf]

# Location of IO Primitives which is load of clock spine

# Location of clock ports
set_property LOC IOB_X0Y76 [get_ports clk]
set_property LOC IOB_X0Y78 [get_ports nib_hold_req_i]

# Clock net "vs1_data" driven by instance "vs1_data_reg[15][7]_i_2" located at site "BUFGCTRL_X0Y11"
#startgroup
create_pblock {CLKAG_vs1_data}
add_cells_to_pblock [get_pblocks  {CLKAG_vs1_data}] [get_cells -filter { PRIMITIVE_GROUP != I/O && IS_PRIMITIVE==1 && PRIMITIVE_LEVEL !=INTERNAL } -of_object [get_pins -filter {DIRECTION==IN} -of_objects [get_nets -hierarchical -filter {PARENT=="vs1_data"}]]]
resize_pblock [get_pblocks {CLKAG_vs1_data}] -add {CLOCKREGION_X0Y0:CLOCKREGION_X0Y0 CLOCKREGION_X0Y1:CLOCKREGION_X0Y1 CLOCKREGION_X1Y0:CLOCKREGION_X1Y0 CLOCKREGION_X1Y1:CLOCKREGION_X1Y1}
#endgroup

# Clock net "spmm_data0" driven by instance "spmm_indices_reg[319]_i_1" located at site "BUFGCTRL_X0Y1"
#startgroup
create_pblock {CLKAG_spmm_data0}
add_cells_to_pblock [get_pblocks  {CLKAG_spmm_data0}] [get_cells -filter { PRIMITIVE_GROUP != I/O && IS_PRIMITIVE==1 && PRIMITIVE_LEVEL !=INTERNAL } -of_object [get_pins -filter {DIRECTION==IN} -of_objects [get_nets -hierarchical -filter {PARENT=="spmm_data0"}]]]
resize_pblock [get_pblocks {CLKAG_spmm_data0}] -add {CLOCKREGION_X0Y1:CLOCKREGION_X0Y1 CLOCKREGION_X1Y1:CLOCKREGION_X1Y1}
#endgroup

# Clock net "nib_hold_req_i_IBUF_BUFG" driven by instance "nib_hold_req_i_IBUF_BUFG_inst" located at site "BUFGCTRL_X0Y12"
#startgroup
create_pblock {CLKAG_nib_hold_req_i_IBUF_BUFG}
add_cells_to_pblock [get_pblocks  {CLKAG_nib_hold_req_i_IBUF_BUFG}] [get_cells -filter { PRIMITIVE_GROUP != I/O && IS_PRIMITIVE==1 && PRIMITIVE_LEVEL !=INTERNAL } -of_object [get_pins -filter {DIRECTION==IN} -of_objects [get_nets -hierarchical -filter {PARENT=="nib_hold_req_i_IBUF_BUFG"}]]]
resize_pblock [get_pblocks {CLKAG_nib_hold_req_i_IBUF_BUFG}] -add {CLOCKREGION_X0Y1:CLOCKREGION_X0Y1 CLOCKREGION_X1Y1:CLOCKREGION_X1Y1}
#endgroup

# Clock net "n_8_8917_BUFG" driven by instance "n_8_8917_BUFG_inst" located at site "BUFGCTRL_X0Y10"
#startgroup
create_pblock {CLKAG_n_8_8917_BUFG}
add_cells_to_pblock [get_pblocks  {CLKAG_n_8_8917_BUFG}] [get_cells -filter { PRIMITIVE_GROUP != I/O && IS_PRIMITIVE==1 && PRIMITIVE_LEVEL !=INTERNAL } -of_object [get_pins -filter {DIRECTION==IN} -of_objects [get_nets -hierarchical -filter {PARENT=="n_8_8917_BUFG"}]]]
resize_pblock [get_pblocks {CLKAG_n_8_8917_BUFG}] -add {CLOCKREGION_X0Y0:CLOCKREGION_X0Y0 CLOCKREGION_X0Y1:CLOCKREGION_X0Y1 CLOCKREGION_X1Y0:CLOCKREGION_X1Y0 CLOCKREGION_X1Y1:CLOCKREGION_X1Y1}
#endgroup

# Clock net "n_7_8916_BUFG" driven by instance "n_7_8916_BUFG_inst" located at site "BUFGCTRL_X0Y9"
#startgroup
create_pblock {CLKAG_n_7_8916_BUFG}
add_cells_to_pblock [get_pblocks  {CLKAG_n_7_8916_BUFG}] [get_cells -filter { PRIMITIVE_GROUP != I/O && IS_PRIMITIVE==1 && PRIMITIVE_LEVEL !=INTERNAL } -of_object [get_pins -filter {DIRECTION==IN} -of_objects [get_nets -hierarchical -filter {PARENT=="n_7_8916_BUFG"}]]]
resize_pblock [get_pblocks {CLKAG_n_7_8916_BUFG}] -add {CLOCKREGION_X0Y0:CLOCKREGION_X0Y0 CLOCKREGION_X0Y1:CLOCKREGION_X0Y1 CLOCKREGION_X1Y0:CLOCKREGION_X1Y0 CLOCKREGION_X1Y1:CLOCKREGION_X1Y1}
#endgroup

# Clock net "n_6_8915_BUFG" driven by instance "n_6_8915_BUFG_inst" located at site "BUFGCTRL_X0Y8"
#startgroup
create_pblock {CLKAG_n_6_8915_BUFG}
add_cells_to_pblock [get_pblocks  {CLKAG_n_6_8915_BUFG}] [get_cells -filter { PRIMITIVE_GROUP != I/O && IS_PRIMITIVE==1 && PRIMITIVE_LEVEL !=INTERNAL } -of_object [get_pins -filter {DIRECTION==IN} -of_objects [get_nets -hierarchical -filter {PARENT=="n_6_8915_BUFG"}]]]
resize_pblock [get_pblocks {CLKAG_n_6_8915_BUFG}] -add {CLOCKREGION_X0Y0:CLOCKREGION_X0Y0 CLOCKREGION_X1Y0:CLOCKREGION_X1Y0}
#endgroup

# Clock net "n_5_8914_BUFG" driven by instance "n_5_8914_BUFG_inst" located at site "BUFGCTRL_X0Y7"
#startgroup
create_pblock {CLKAG_n_5_8914_BUFG}
add_cells_to_pblock [get_pblocks  {CLKAG_n_5_8914_BUFG}] [get_cells -filter { PRIMITIVE_GROUP != I/O && IS_PRIMITIVE==1 && PRIMITIVE_LEVEL !=INTERNAL } -of_object [get_pins -filter {DIRECTION==IN} -of_objects [get_nets -hierarchical -filter {PARENT=="n_5_8914_BUFG"}]]]
resize_pblock [get_pblocks {CLKAG_n_5_8914_BUFG}] -add {CLOCKREGION_X0Y0:CLOCKREGION_X0Y0 CLOCKREGION_X0Y1:CLOCKREGION_X0Y1 CLOCKREGION_X1Y0:CLOCKREGION_X1Y0 CLOCKREGION_X1Y1:CLOCKREGION_X1Y1}
#endgroup

# Clock net "n_4_8913_BUFG" driven by instance "n_4_8913_BUFG_inst" located at site "BUFGCTRL_X0Y6"
#startgroup
create_pblock {CLKAG_n_4_8913_BUFG}
add_cells_to_pblock [get_pblocks  {CLKAG_n_4_8913_BUFG}] [get_cells -filter { PRIMITIVE_GROUP != I/O && IS_PRIMITIVE==1 && PRIMITIVE_LEVEL !=INTERNAL } -of_object [get_pins -filter {DIRECTION==IN} -of_objects [get_nets -hierarchical -filter {PARENT=="n_4_8913_BUFG"}]]]
resize_pblock [get_pblocks {CLKAG_n_4_8913_BUFG}] -add {CLOCKREGION_X0Y0:CLOCKREGION_X0Y0 CLOCKREGION_X0Y1:CLOCKREGION_X0Y1 CLOCKREGION_X1Y0:CLOCKREGION_X1Y0 CLOCKREGION_X1Y1:CLOCKREGION_X1Y1}
#endgroup

# Clock net "n_3_8912_BUFG" driven by instance "n_3_8912_BUFG_inst" located at site "BUFGCTRL_X0Y5"
#startgroup
create_pblock {CLKAG_n_3_8912_BUFG}
add_cells_to_pblock [get_pblocks  {CLKAG_n_3_8912_BUFG}] [get_cells -filter { PRIMITIVE_GROUP != I/O && IS_PRIMITIVE==1 && PRIMITIVE_LEVEL !=INTERNAL } -of_object [get_pins -filter {DIRECTION==IN} -of_objects [get_nets -hierarchical -filter {PARENT=="n_3_8912_BUFG"}]]]
resize_pblock [get_pblocks {CLKAG_n_3_8912_BUFG}] -add {CLOCKREGION_X0Y0:CLOCKREGION_X0Y0 CLOCKREGION_X0Y1:CLOCKREGION_X0Y1 CLOCKREGION_X1Y0:CLOCKREGION_X1Y0}
#endgroup

# Clock net "n_2_8911_BUFG" driven by instance "n_2_8911_BUFG_inst" located at site "BUFGCTRL_X0Y4"
#startgroup
create_pblock {CLKAG_n_2_8911_BUFG}
add_cells_to_pblock [get_pblocks  {CLKAG_n_2_8911_BUFG}] [get_cells -filter { PRIMITIVE_GROUP != I/O && IS_PRIMITIVE==1 && PRIMITIVE_LEVEL !=INTERNAL } -of_object [get_pins -filter {DIRECTION==IN} -of_objects [get_nets -hierarchical -filter {PARENT=="n_2_8911_BUFG"}]]]
resize_pblock [get_pblocks {CLKAG_n_2_8911_BUFG}] -add {CLOCKREGION_X0Y0:CLOCKREGION_X0Y0 CLOCKREGION_X1Y0:CLOCKREGION_X1Y0}
#endgroup

# Clock net "n_1_8910_BUFG" driven by instance "n_1_8910_BUFG_inst" located at site "BUFGCTRL_X0Y3"
#startgroup
create_pblock {CLKAG_n_1_8910_BUFG}
add_cells_to_pblock [get_pblocks  {CLKAG_n_1_8910_BUFG}] [get_cells -filter { PRIMITIVE_GROUP != I/O && IS_PRIMITIVE==1 && PRIMITIVE_LEVEL !=INTERNAL } -of_object [get_pins -filter {DIRECTION==IN} -of_objects [get_nets -hierarchical -filter {PARENT=="n_1_8910_BUFG"}]]]
resize_pblock [get_pblocks {CLKAG_n_1_8910_BUFG}] -add {CLOCKREGION_X0Y0:CLOCKREGION_X0Y0 CLOCKREGION_X0Y1:CLOCKREGION_X0Y1 CLOCKREGION_X1Y0:CLOCKREGION_X1Y0 CLOCKREGION_X1Y1:CLOCKREGION_X1Y1}
#endgroup

# Clock net "n_0_8909_BUFG" driven by instance "n_0_8909_BUFG_inst" located at site "BUFGCTRL_X0Y2"
#startgroup
create_pblock {CLKAG_n_0_8909_BUFG}
add_cells_to_pblock [get_pblocks  {CLKAG_n_0_8909_BUFG}] [get_cells -filter { PRIMITIVE_GROUP != I/O && IS_PRIMITIVE==1 && PRIMITIVE_LEVEL !=INTERNAL } -of_object [get_pins -filter {DIRECTION==IN} -of_objects [get_nets -hierarchical -filter {PARENT=="n_0_8909_BUFG"}]]]
resize_pblock [get_pblocks {CLKAG_n_0_8909_BUFG}] -add {CLOCKREGION_X0Y0:CLOCKREGION_X0Y0 CLOCKREGION_X0Y1:CLOCKREGION_X0Y1 CLOCKREGION_X1Y0:CLOCKREGION_X1Y0}
#endgroup

# Clock net "instance_name/inst/clk_out1" driven by instance "instance_name/inst/clkout1_buf" located at site "BUFGCTRL_X0Y0"
#startgroup
create_pblock {CLKAG_instance_name/inst/clk_out1}
add_cells_to_pblock [get_pblocks  {CLKAG_instance_name/inst/clk_out1}] [get_cells -filter { PRIMITIVE_GROUP != I/O && IS_PRIMITIVE==1 && PRIMITIVE_LEVEL !=INTERNAL } -of_object [get_pins -filter {DIRECTION==IN} -of_objects [get_nets -hierarchical -filter {PARENT=="instance_name/inst/clk_out1"}]]]
resize_pblock [get_pblocks {CLKAG_instance_name/inst/clk_out1}] -add {CLOCKREGION_X0Y0:CLOCKREGION_X0Y0 CLOCKREGION_X0Y1:CLOCKREGION_X0Y1 CLOCKREGION_X0Y2:CLOCKREGION_X0Y2 CLOCKREGION_X1Y0:CLOCKREGION_X1Y0 CLOCKREGION_X1Y1:CLOCKREGION_X1Y1 CLOCKREGION_X1Y2:CLOCKREGION_X1Y2}
#endgroup
